<?xml version="1.0" encoding="UTF-8"?>
<testng-results skipped="0" failed="0" total="1" passed="1">
  <reporter-output>
  </reporter-output>
  <suite name="Default suite" duration-ms="22959" started-at="2018-02-02T13:38:49Z" finished-at="2018-02-02T13:39:12Z">
    <groups>
    </groups>
    <test name="Default test" duration-ms="22959" started-at="2018-02-02T13:38:49Z" finished-at="2018-02-02T13:39:12Z">
      <class name="samAppPackage.LaunchApp">
        <test-method status="PASS" signature="setup()[pri:0, instance:samAppPackage.LaunchApp@30c7da1e]" name="setup" is-config="true" duration-ms="10132" started-at="2018-02-02T19:08:49Z" finished-at="2018-02-02T19:09:00Z">
          <reporter-output>
          </reporter-output>
        </test-method> <!-- setup -->
        <test-method status="PASS" signature="RegPage()[pri:0, instance:samAppPackage.LaunchApp@30c7da1e]" name="RegPage" duration-ms="11640" started-at="2018-02-02T19:09:00Z" finished-at="2018-02-02T19:09:11Z">
          <reporter-output>
          </reporter-output>
        </test-method> <!-- RegPage -->
        <test-method status="PASS" signature="End()[pri:0, instance:samAppPackage.LaunchApp@30c7da1e]" name="End" is-config="true" duration-ms="1176" started-at="2018-02-02T19:09:11Z" finished-at="2018-02-02T19:09:12Z">
          <reporter-output>
          </reporter-output>
        </test-method> <!-- End -->
      </class> <!-- samAppPackage.LaunchApp -->
    </test> <!-- Default test -->
  </suite> <!-- Default suite -->
</testng-results>
